<?xml version="1.0" encoding="UTF-8"?>
<!-- Generated by org.testng.reporters.JUnitReportReporter -->
<testsuite hostname="nbissametova-n" failures="0" tests="2" name="nazerke.SubmitOrderTest" time="36.839" errors="0" timestamp="2024-02-25T00:20:50 ALMT" skipped="0">
  <testcase classname="nazerke.SubmitOrderTest" name="orderHistoryTest" time="13.201"/>
  <system-out/>
  <testcase classname="nazerke.SubmitOrderTest" name="submitOrder" time="23.638"/>
  <system-out/>
</testsuite> <!-- nazerke.SubmitOrderTest -->
