<?xml version="1.0" encoding="UTF-8"?>
<!-- Generated by org.testng.reporters.JUnitReportReporter -->
<testsuite hostname="nbissametova-n" failures="0" tests="1" name="cucumber.TestNGTestRunner" time="23.372" errors="0" timestamp="2024-02-27T15:16:00 ALMT" skipped="0">
  <testcase classname="cucumber.TestNGTestRunner" name="runScenario" time="23.372"/>
  <system-out/>
</testsuite> <!-- cucumber.TestNGTestRunner -->
