<?xml version="1.0" encoding="UTF-8"?>
<!-- Generated by org.testng.reporters.JUnitReportReporter -->
<testsuite hostname="nbissametova-n" failures="0" tests="2" name="nazerke.SubmitOrderTest" time="32.231" errors="0" timestamp="2024-02-26T17:03:46 ALMT" skipped="0">
  <testcase classname="nazerke.SubmitOrderTest" name="submitOrder" time="25.950"/>
  <testcase classname="nazerke.SubmitOrderTest" name="orderHistoryTest" time="6.281"/>
</testsuite> <!-- nazerke.SubmitOrderTest -->
