<?xml version="1.0" encoding="UTF-8"?>
<!-- Generated by org.testng.reporters.JUnitReportReporter -->
<testsuite hostname="nbissametova-n" failures="0" tests="1" name="nazerke.ErrorValidations" time="10.822" errors="0" timestamp="2024-02-26T17:03:46 ALMT" skipped="0">
  <testcase classname="nazerke.ErrorValidations" name="loginError" time="10.822"/>
</testsuite> <!-- nazerke.ErrorValidations -->
